[[1;34mINFO[m] Scanning for projects...
[[1;34mINFO[m] 
[[1;34mINFO[m] [1m-------------< [0;36mcom.example:springboot-deployment-example[0;1m >--------------[m
[[1;34mINFO[m] [1mBuilding springboot-deployment-example 0.0.1-SNAPSHOT[m
[[1;34mINFO[m] [1m--------------------------------[ jar ]---------------------------------[m
[[1;34mINFO[m] 
[[1;34mINFO[m] [1m>>> [0;32mspring-boot-maven-plugin:3.4.2:run[m [1m(default-cli)[0;1m > [0;1mtest-compile[m @ [36mspringboot-deployment-example[0;1m >>>[m
[[1;34mINFO[m] 
[[1;34mINFO[m] [1m--- [0;32mmaven-resources-plugin:3.3.1:resources[m [1m(default-resources)[m @ [36mspringboot-deployment-example[0;1m ---[m
[[1;34mINFO[m] Copying 1 resource from src/main/resources to target/classes
[[1;34mINFO[m] Copying 0 resource from src/main/resources to target/classes
[[1;34mINFO[m] 
[[1;34mINFO[m] [1m--- [0;32mmaven-compiler-plugin:3.13.0:compile[m [1m(default-compile)[m @ [36mspringboot-deployment-example[0;1m ---[m
[[1;34mINFO[m] Nothing to compile - all classes are up to date.
[[1;34mINFO[m] 
[[1;34mINFO[m] [1m--- [0;32mmaven-resources-plugin:3.3.1:testResources[m [1m(default-testResources)[m @ [36mspringboot-deployment-example[0;1m ---[m
[[1;34mINFO[m] skip non existing resourceDirectory /home/ubuntu/springboot-deploy-example/src/test/resources
[[1;34mINFO[m] 
[[1;34mINFO[m] [1m--- [0;32mmaven-compiler-plugin:3.13.0:testCompile[m [1m(default-testCompile)[m @ [36mspringboot-deployment-example[0;1m ---[m
[[1;34mINFO[m] Nothing to compile - all classes are up to date.
[[1;34mINFO[m] 
[[1;34mINFO[m] [1m<<< [0;32mspring-boot-maven-plugin:3.4.2:run[m [1m(default-cli)[0;1m < [0;1mtest-compile[m @ [36mspringboot-deployment-example[0;1m <<<[m
[[1;34mINFO[m] 
[[1;34mINFO[m] 
[[1;34mINFO[m] [1m--- [0;32mspring-boot-maven-plugin:3.4.2:run[m [1m(default-cli)[m @ [36mspringboot-deployment-example[0;1m ---[m
[[1;34mINFO[m] Attaching agents: []

  .   ____          _            __ _ _
 /\\ / ___'_ __ _ _(_)_ __  __ _ \ \ \ \
( ( )\___ | '_ | '_| | '_ \/ _` | \ \ \ \
 \\/  ___)| |_)| | | | | || (_| |  ) ) ) )
  '  |____| .__|_| |_|_| |_\__, | / / / /
 =========|_|==============|___/=/_/_/_/

 :: Spring Boot ::                (v3.4.2)

2025-02-03T12:32:41.641Z  INFO 7236 --- [springboot-deployment-example] [           main] m.SpringbootDeploymentExampleApplication : Starting SpringbootDeploymentExampleApplication using Java 17.0.13 with PID 7236 (/home/ubuntu/springboot-deploy-example/target/classes started by root in /home/ubuntu/springboot-deploy-example)
2025-02-03T12:32:41.644Z  INFO 7236 --- [springboot-deployment-example] [           main] m.SpringbootDeploymentExampleApplication : No active profile set, falling back to 1 default profile: "default"
2025-02-03T12:32:42.629Z  INFO 7236 --- [springboot-deployment-example] [           main] o.s.b.w.embedded.tomcat.TomcatWebServer  : Tomcat initialized with port 8080 (http)
2025-02-03T12:32:42.644Z  INFO 7236 --- [springboot-deployment-example] [           main] o.apache.catalina.core.StandardService   : Starting service [Tomcat]
2025-02-03T12:32:42.645Z  INFO 7236 --- [springboot-deployment-example] [           main] o.apache.catalina.core.StandardEngine    : Starting Servlet engine: [Apache Tomcat/10.1.34]
2025-02-03T12:32:42.779Z  INFO 7236 --- [springboot-deployment-example] [           main] o.a.c.c.C.[Tomcat].[localhost].[/]       : Initializing Spring embedded WebApplicationContext
2025-02-03T12:32:42.780Z  INFO 7236 --- [springboot-deployment-example] [           main] w.s.c.ServletWebServerApplicationContext : Root WebApplicationContext: initialization completed in 1082 ms
2025-02-03T12:32:43.308Z  WARN 7236 --- [springboot-deployment-example] [           main] ConfigServletWebServerApplicationContext : Exception encountered during context initialization - cancelling refresh attempt: org.springframework.context.ApplicationContextException: Failed to start bean 'webServerStartStop'
2025-02-03T12:32:43.326Z  INFO 7236 --- [springboot-deployment-example] [           main] .s.b.a.l.ConditionEvaluationReportLogger : 

Error starting ApplicationContext. To display the condition evaluation report re-run your application with 'debug' enabled.
2025-02-03T12:32:43.340Z ERROR 7236 --- [springboot-deployment-example] [           main] o.s.b.d.LoggingFailureAnalysisReporter   : 

***************************
APPLICATION FAILED TO START
***************************

Description:

Web server failed to start. Port 8080 was already in use.

Action:

Identify and stop the process that's listening on port 8080 or configure this application to listen on another port.

[[1;34mINFO[m] [1m------------------------------------------------------------------------[m
[[1;34mINFO[m] [1;31mBUILD FAILURE[m
[[1;34mINFO[m] [1m------------------------------------------------------------------------[m
[[1;34mINFO[m] Total time:  5.078 s
[[1;34mINFO[m] Finished at: 2025-02-03T12:32:43Z
[[1;34mINFO[m] [1m------------------------------------------------------------------------[m
[[1;31mERROR[m] Failed to execute goal [32morg.springframework.boot:spring-boot-maven-plugin:3.4.2:run[m [1m(default-cli)[m on project [36mspringboot-deployment-example[m: [1;31mProcess terminated with exit code: 1[m -> [1m[Help 1][m
[[1;31mERROR[m] 
[[1;31mERROR[m] To see the full stack trace of the errors, re-run Maven with the [1m-e[m switch.
[[1;31mERROR[m] Re-run Maven using the [1m-X[m switch to enable full debug logging.
[[1;31mERROR[m] 
[[1;31mERROR[m] For more information about the errors and possible solutions, please read the following articles:
[[1;31mERROR[m] [1m[Help 1][m http://cwiki.apache.org/confluence/display/MAVEN/MojoExecutionException
[[1;34mINFO[m] Scanning for projects...
[[1;34mINFO[m] 
[[1;34mINFO[m] [1m-------------< [0;36mcom.example:springboot-deployment-example[0;1m >--------------[m
[[1;34mINFO[m] [1mBuilding springboot-deployment-example 0.0.1-SNAPSHOT[m
[[1;34mINFO[m] [1m--------------------------------[ jar ]---------------------------------[m
[[1;34mINFO[m] 
[[1;34mINFO[m] [1m>>> [0;32mspring-boot-maven-plugin:3.4.2:run[m [1m(default-cli)[0;1m > [0;1mtest-compile[m @ [36mspringboot-deployment-example[0;1m >>>[m
[[1;34mINFO[m] 
[[1;34mINFO[m] [1m--- [0;32mmaven-resources-plugin:3.3.1:resources[m [1m(default-resources)[m @ [36mspringboot-deployment-example[0;1m ---[m
[[1;34mINFO[m] Copying 1 resource from src/main/resources to target/classes
[[1;34mINFO[m] Copying 0 resource from src/main/resources to target/classes
[[1;34mINFO[m] 
[[1;34mINFO[m] [1m--- [0;32mmaven-compiler-plugin:3.13.0:compile[m [1m(default-compile)[m @ [36mspringboot-deployment-example[0;1m ---[m
[[1;34mINFO[m] Nothing to compile - all classes are up to date.
[[1;34mINFO[m] 
[[1;34mINFO[m] [1m--- [0;32mmaven-resources-plugin:3.3.1:testResources[m [1m(default-testResources)[m @ [36mspringboot-deployment-example[0;1m ---[m
[[1;34mINFO[m] skip non existing resourceDirectory /home/ubuntu/springboot-deploy-example/src/test/resources
[[1;34mINFO[m] 
[[1;34mINFO[m] [1m--- [0;32mmaven-compiler-plugin:3.13.0:testCompile[m [1m(default-testCompile)[m @ [36mspringboot-deployment-example[0;1m ---[m
[[1;34mINFO[m] Nothing to compile - all classes are up to date.
[[1;34mINFO[m] 
[[1;34mINFO[m] [1m<<< [0;32mspring-boot-maven-plugin:3.4.2:run[m [1m(default-cli)[0;1m < [0;1mtest-compile[m @ [36mspringboot-deployment-example[0;1m <<<[m
[[1;34mINFO[m] 
[[1;34mINFO[m] 
[[1;34mINFO[m] [1m--- [0;32mspring-boot-maven-plugin:3.4.2:run[m [1m(default-cli)[m @ [36mspringboot-deployment-example[0;1m ---[m
[[1;34mINFO[m] Attaching agents: []

  .   ____          _            __ _ _
 /\\ / ___'_ __ _ _(_)_ __  __ _ \ \ \ \
( ( )\___ | '_ | '_| | '_ \/ _` | \ \ \ \
 \\/  ___)| |_)| | | | | || (_| |  ) ) ) )
  '  |____| .__|_| |_|_| |_\__, | / / / /
 =========|_|==============|___/=/_/_/_/

 :: Spring Boot ::                (v3.4.2)

2025-02-03T12:35:56.709Z  INFO 7302 --- [springboot-deployment-example] [           main] m.SpringbootDeploymentExampleApplication : Starting SpringbootDeploymentExampleApplication using Java 17.0.13 with PID 7302 (/home/ubuntu/springboot-deploy-example/target/classes started by root in /home/ubuntu/springboot-deploy-example)
2025-02-03T12:35:56.712Z  INFO 7302 --- [springboot-deployment-example] [           main] m.SpringbootDeploymentExampleApplication : No active profile set, falling back to 1 default profile: "default"
2025-02-03T12:35:57.703Z  INFO 7302 --- [springboot-deployment-example] [           main] o.s.b.w.embedded.tomcat.TomcatWebServer  : Tomcat initialized with port 8080 (http)
2025-02-03T12:35:57.720Z  INFO 7302 --- [springboot-deployment-example] [           main] o.apache.catalina.core.StandardService   : Starting service [Tomcat]
2025-02-03T12:35:57.721Z  INFO 7302 --- [springboot-deployment-example] [           main] o.apache.catalina.core.StandardEngine    : Starting Servlet engine: [Apache Tomcat/10.1.34]
2025-02-03T12:35:57.845Z  INFO 7302 --- [springboot-deployment-example] [           main] o.a.c.c.C.[Tomcat].[localhost].[/]       : Initializing Spring embedded WebApplicationContext
2025-02-03T12:35:57.846Z  INFO 7302 --- [springboot-deployment-example] [           main] w.s.c.ServletWebServerApplicationContext : Root WebApplicationContext: initialization completed in 1075 ms
2025-02-03T12:35:58.376Z  INFO 7302 --- [springboot-deployment-example] [           main] o.s.b.w.embedded.tomcat.TomcatWebServer  : Tomcat started on port 8080 (http) with context path '/'
2025-02-03T12:35:58.386Z  INFO 7302 --- [springboot-deployment-example] [           main] m.SpringbootDeploymentExampleApplication : Started SpringbootDeploymentExampleApplication in 2.198 seconds (process running for 2.6)
started......./////
2025-02-03T12:39:56.936Z  INFO 7302 --- [springboot-deployment-example] [nio-8080-exec-1] o.a.c.c.C.[Tomcat].[localhost].[/]       : Initializing Spring DispatcherServlet 'dispatcherServlet'
2025-02-03T12:39:56.936Z  INFO 7302 --- [springboot-deployment-example] [nio-8080-exec-1] o.s.web.servlet.DispatcherServlet        : Initializing Servlet 'dispatcherServlet'
2025-02-03T12:39:56.938Z  INFO 7302 --- [springboot-deployment-example] [nio-8080-exec-1] o.s.web.servlet.DispatcherServlet        : Completed initialization in 1 ms
[[1;34mINFO[m] [1m------------------------------------------------------------------------[m
[[1;34mINFO[m] [1;31mBUILD FAILURE[m
[[1;34mINFO[m] [1m------------------------------------------------------------------------[m
[[1;34mINFO[m] Total time:  04:11 min
[[1;34mINFO[m] Finished at: 2025-02-03T12:40:05Z
[[1;34mINFO[m] [1m------------------------------------------------------------------------[m
[[1;31mERROR[m] Failed to execute goal [32morg.springframework.boot:spring-boot-maven-plugin:3.4.2:run[m [1m(default-cli)[m on project [36mspringboot-deployment-example[m: [1;31mProcess terminated with exit code: 137[m -> [1m[Help 1][m
[[1;31mERROR[m] 
[[1;31mERROR[m] To see the full stack trace of the errors, re-run Maven with the [1m-e[m switch.
[[1;31mERROR[m] Re-run Maven using the [1m-X[m switch to enable full debug logging.
[[1;31mERROR[m] 
[[1;31mERROR[m] For more information about the errors and possible solutions, please read the following articles:
[[1;31mERROR[m] [1m[Help 1][m http://cwiki.apache.org/confluence/display/MAVEN/MojoExecutionException
[[1;34mINFO[m] Scanning for projects...
[[1;34mINFO[m] 
[[1;34mINFO[m] [1m-------------< [0;36mcom.example:springboot-deployment-example[0;1m >--------------[m
[[1;34mINFO[m] [1mBuilding springboot-deployment-example 0.0.1-SNAPSHOT[m
[[1;34mINFO[m] [1m--------------------------------[ jar ]---------------------------------[m
[[1;34mINFO[m] 
[[1;34mINFO[m] [1m>>> [0;32mspring-boot-maven-plugin:3.4.2:run[m [1m(default-cli)[0;1m > [0;1mtest-compile[m @ [36mspringboot-deployment-example[0;1m >>>[m
[[1;34mINFO[m] 
[[1;34mINFO[m] [1m--- [0;32mmaven-resources-plugin:3.3.1:resources[m [1m(default-resources)[m @ [36mspringboot-deployment-example[0;1m ---[m
[[1;34mINFO[m] Copying 1 resource from src/main/resources to target/classes
[[1;34mINFO[m] Copying 0 resource from src/main/resources to target/classes
[[1;34mINFO[m] 
[[1;34mINFO[m] [1m--- [0;32mmaven-compiler-plugin:3.13.0:compile[m [1m(default-compile)[m @ [36mspringboot-deployment-example[0;1m ---[m
[[1;34mINFO[m] Nothing to compile - all classes are up to date.
[[1;34mINFO[m] 
[[1;34mINFO[m] [1m--- [0;32mmaven-resources-plugin:3.3.1:testResources[m [1m(default-testResources)[m @ [36mspringboot-deployment-example[0;1m ---[m
[[1;34mINFO[m] skip non existing resourceDirectory /home/ubuntu/springboot-deploy-example/src/test/resources
[[1;34mINFO[m] 
[[1;34mINFO[m] [1m--- [0;32mmaven-compiler-plugin:3.13.0:testCompile[m [1m(default-testCompile)[m @ [36mspringboot-deployment-example[0;1m ---[m
[[1;34mINFO[m] Nothing to compile - all classes are up to date.
[[1;34mINFO[m] 
[[1;34mINFO[m] [1m<<< [0;32mspring-boot-maven-plugin:3.4.2:run[m [1m(default-cli)[0;1m < [0;1mtest-compile[m @ [36mspringboot-deployment-example[0;1m <<<[m
[[1;34mINFO[m] 
[[1;34mINFO[m] 
[[1;34mINFO[m] [1m--- [0;32mspring-boot-maven-plugin:3.4.2:run[m [1m(default-cli)[m @ [36mspringboot-deployment-example[0;1m ---[m
[[1;34mINFO[m] Attaching agents: []

  .   ____          _            __ _ _
 /\\ / ___'_ __ _ _(_)_ __  __ _ \ \ \ \
( ( )\___ | '_ | '_| | '_ \/ _` | \ \ \ \
 \\/  ___)| |_)| | | | | || (_| |  ) ) ) )
  '  |____| .__|_| |_|_| |_\__, | / / / /
 =========|_|==============|___/=/_/_/_/

 :: Spring Boot ::                (v3.4.2)

2025-02-03T12:42:11.322Z  INFO 7403 --- [springboot-deployment-example] [           main] m.SpringbootDeploymentExampleApplication : Starting SpringbootDeploymentExampleApplication using Java 17.0.13 with PID 7403 (/home/ubuntu/springboot-deploy-example/target/classes started by root in /home/ubuntu/springboot-deploy-example)
2025-02-03T12:42:11.326Z  INFO 7403 --- [springboot-deployment-example] [           main] m.SpringbootDeploymentExampleApplication : No active profile set, falling back to 1 default profile: "default"
2025-02-03T12:42:12.319Z  INFO 7403 --- [springboot-deployment-example] [           main] o.s.b.w.embedded.tomcat.TomcatWebServer  : Tomcat initialized with port 8081 (http)
2025-02-03T12:42:12.331Z  INFO 7403 --- [springboot-deployment-example] [           main] o.apache.catalina.core.StandardService   : Starting service [Tomcat]
2025-02-03T12:42:12.333Z  INFO 7403 --- [springboot-deployment-example] [           main] o.apache.catalina.core.StandardEngine    : Starting Servlet engine: [Apache Tomcat/10.1.34]
2025-02-03T12:42:12.459Z  INFO 7403 --- [springboot-deployment-example] [           main] o.a.c.c.C.[Tomcat].[localhost].[/]       : Initializing Spring embedded WebApplicationContext
2025-02-03T12:42:12.460Z  INFO 7403 --- [springboot-deployment-example] [           main] w.s.c.ServletWebServerApplicationContext : Root WebApplicationContext: initialization completed in 1077 ms
2025-02-03T12:42:12.985Z  INFO 7403 --- [springboot-deployment-example] [           main] o.s.b.w.embedded.tomcat.TomcatWebServer  : Tomcat started on port 8081 (http) with context path '/'
2025-02-03T12:42:12.996Z  INFO 7403 --- [springboot-deployment-example] [           main] m.SpringbootDeploymentExampleApplication : Started SpringbootDeploymentExampleApplication in 2.192 seconds (process running for 2.592)
started......./////
